/*C2*/SET SCHEMA PUBLIC
DELETE FROM "mendixsystem$version" WHERE "versionnumber"='4.2'
INSERT INTO "mendixsystem$version" VALUES('4.2','2021-12-06 07:45:41.178000','4.1.0','unversioned','ZenithConcert','9.7.0.29648')
COMMIT
/*C3*/SET SCHEMA PUBLIC
DELETE FROM "mendixsystem$entityidentifier" WHERE "id"='d4154981-8dac-4150-aec5-efa3ef62a7a2'
INSERT INTO "mendixsystem$entityidentifier" VALUES('d4154981-8dac-4150-aec5-efa3ef62a7a2',4,201)
COMMIT
INSERT INTO "system$xasinstance" VALUES(1125899906842725,'291465f0-6065-429c-a5c0-c84a4d2f4d81','2021-12-06 06:46:45.259000',NULL,NULL,NULL,'2021-12-06 06:46:45.244000')
COMMIT
DELETE FROM "system$userrole" WHERE "id"=4503599627370497
INSERT INTO "system$userrole" VALUES(4503599627370497,'8dd52bfa-6d7e-453b-b506-303c0a3d9567','Administrator','')
DELETE FROM "system$userrole" WHERE "id"=4503599627370498
INSERT INTO "system$userrole" VALUES(4503599627370498,'53f5d6fa-6da9-4a71-b011-454ec052cce8','User','')
COMMIT
DELETE FROM "mendixsystem$properties" WHERE "key"='Mendix.Runtime.DeploymentID'
INSERT INTO "mendixsystem$properties" VALUES('Mendix.Runtime.DeploymentID','637743735924239220')
COMMIT
DELETE FROM "system$session" WHERE "id"=11258999068426241
DELETE FROM "system$session" WHERE "id"=11258999068426242
DELETE FROM "system$session" WHERE "id"=11258999068426243
DELETE FROM "system$session" WHERE "id"=11258999068426244
DELETE FROM "system$session" WHERE "id"=11258999068426245
DELETE FROM "system$session_user" WHERE "system$sessionid"=11258999068426241 AND "system$userid"=562949953421314
DELETE FROM "system$session_user" WHERE "system$sessionid"=11258999068426242 AND "system$userid"=562949953421313
DELETE FROM "system$session_user" WHERE "system$sessionid"=11258999068426243 AND "system$userid"=562949953421315
DELETE FROM "system$session_user" WHERE "system$sessionid"=11258999068426244 AND "system$userid"=562949953421316
DELETE FROM "system$session_user" WHERE "system$sessionid"=11258999068426245 AND "system$userid"=562949953421317
COMMIT
DELETE FROM "system$xasinstance" WHERE "id"=1125899906842725
INSERT INTO "system$xasinstance" VALUES(1125899906842725,'291465f0-6065-429c-a5c0-c84a4d2f4d81','2021-12-06 06:46:46.948000',NULL,NULL,NULL,'2021-12-06 06:46:45.244000')
COMMIT
DELETE FROM "mendixsystem$entityidentifier" WHERE "id"='282e2e60-88a5-469d-84a5-ba8d9151644f'
INSERT INTO "mendixsystem$entityidentifier" VALUES('282e2e60-88a5-469d-84a5-ba8d9151644f',2,201)
COMMIT
/*C7*/SET SCHEMA PUBLIC
INSERT INTO "system$user" VALUES(562949953421413,'Anonymous_723c72fe-cd14-454e-850f-cda498b7ea32','{BCrypt}$2a$10$DKErMpn8WBg/mZR5shvKs.EcrBc7fu5Uwi5G3gs814XrQ/Rn0gCX.','2021-12-06 06:46:48.807000',FALSE,TRUE,0,FALSE,TRUE,'2021-12-06 06:46:48.655000','2021-12-06 06:46:48.655000','System.User',NULL,562949953421413)
INSERT INTO "system$userroles" VALUES(562949953421413,4503599627370497)
INSERT INTO "system$user_language" VALUES(562949953421413,12384898975268865)
COMMIT
/*C6*/SET SCHEMA PUBLIC
INSERT INTO "system$user" VALUES(562949953421415,'Anonymous_3d8600e0-01fc-4cf4-a16e-a36528289cc7','{BCrypt}$2a$10$njvBWH5dicU8wPJ3ybwLyez8QMF.SYkVp8JYCLFB5KB8911fI17KK','2021-12-06 06:46:48.809000',FALSE,TRUE,0,FALSE,TRUE,'2021-12-06 06:46:48.715000','2021-12-06 06:46:48.715000','System.User',NULL,562949953421415)
INSERT INTO "system$userroles" VALUES(562949953421415,4503599627370497)
INSERT INTO "system$user_language" VALUES(562949953421415,12384898975268865)
COMMIT
/*C3*/INSERT INTO "system$user" VALUES(562949953421414,'Anonymous_2d695f47-1068-46d8-8c98-09c2abf41e77','{BCrypt}$2a$10$vzF4K3fKTt3Vc2MuUDU5secB9PlwFzUm/4rCYAGRwNDCdtsT.Y/qq','2021-12-06 06:46:48.807000',FALSE,TRUE,0,FALSE,TRUE,'2021-12-06 06:46:48.677000','2021-12-06 06:46:48.677000','System.User',NULL,562949953421414)
INSERT INTO "system$userroles" VALUES(562949953421414,4503599627370497)
INSERT INTO "system$user_language" VALUES(562949953421414,12384898975268865)
COMMIT
/*C7*/DELETE FROM "system$user" WHERE "id"=562949953421413
INSERT INTO "system$user" VALUES(562949953421413,'Anonymous_723c72fe-cd14-454e-850f-cda498b7ea32','{BCrypt}$2a$10$DKErMpn8WBg/mZR5shvKs.EcrBc7fu5Uwi5G3gs814XrQ/Rn0gCX.','2021-12-06 06:46:48.918000',FALSE,TRUE,0,FALSE,TRUE,'2021-12-06 06:46:48.655000','2021-12-06 06:46:48.655000','System.User',NULL,562949953421413)
COMMIT
/*C6*/DELETE FROM "system$user" WHERE "id"=562949953421415
INSERT INTO "system$user" VALUES(562949953421415,'Anonymous_3d8600e0-01fc-4cf4-a16e-a36528289cc7','{BCrypt}$2a$10$njvBWH5dicU8wPJ3ybwLyez8QMF.SYkVp8JYCLFB5KB8911fI17KK','2021-12-06 06:46:48.918000',FALSE,TRUE,0,FALSE,TRUE,'2021-12-06 06:46:48.715000','2021-12-06 06:46:48.715000','System.User',NULL,562949953421415)
COMMIT
/*C3*/DELETE FROM "system$user" WHERE "id"=562949953421414
INSERT INTO "system$user" VALUES(562949953421414,'Anonymous_2d695f47-1068-46d8-8c98-09c2abf41e77','{BCrypt}$2a$10$vzF4K3fKTt3Vc2MuUDU5secB9PlwFzUm/4rCYAGRwNDCdtsT.Y/qq','2021-12-06 06:46:48.925000',FALSE,TRUE,0,FALSE,TRUE,'2021-12-06 06:46:48.677000','2021-12-06 06:46:48.677000','System.User',NULL,562949953421414)
COMMIT
/*C7*/DELETE FROM "mendixsystem$entityidentifier" WHERE "id"='37f9fd49-5318-4c63-9a51-f761779b202f'
INSERT INTO "mendixsystem$entityidentifier" VALUES('37f9fd49-5318-4c63-9a51-f761779b202f',40,201)
COMMIT
/*C8*/SET SCHEMA PUBLIC
INSERT INTO "system$session" VALUES(11258999068426342,'d03b9678-a599-4e5d-bb4f-95e950e32fee','17e2e8bf-46ea-476f-9a41-66b9c129b164','2021-12-06 06:46:48.997000',FALSE,'fca8e461-fef0-4476-a564-3be0773584cf',NULL,'2021-12-06 06:46:48.996000')
INSERT INTO "system$session_user" VALUES(11258999068426342,562949953421413)
COMMIT
/*C7*/INSERT INTO "system$session" VALUES(11258999068426341,'aca67fd7-c8bf-4335-959d-ce1c6cab069f','5d23c7ee-6813-4580-b3e7-e021b826967d','2021-12-06 06:46:48.993000',FALSE,'9fb19148-a207-4556-8751-aa332e1e58d5',NULL,'2021-12-06 06:46:48.993000')
INSERT INTO "system$session_user" VALUES(11258999068426341,562949953421414)
COMMIT
/*C4*/SET SCHEMA PUBLIC
INSERT INTO "system$session" VALUES(11258999068426343,'dad10258-25d4-4ed2-95d9-4757f32a08ab','5204677f-84d0-469a-8f49-5ef2f99e33b2','2021-12-06 06:46:49.003000',FALSE,'5a2a7672-8c23-4b0d-9b08-2bcc8b450719',NULL,'2021-12-06 06:46:49.003000')
INSERT INTO "system$session_user" VALUES(11258999068426343,562949953421415)
COMMIT
DELETE FROM "system$session" WHERE "id"=11258999068426343
INSERT INTO "system$session" VALUES(11258999068426343,'dad10258-25d4-4ed2-95d9-4757f32a08ab','5204677f-84d0-469a-8f49-5ef2f99e33b2','2021-12-06 06:46:49.034000',FALSE,'5a2a7672-8c23-4b0d-9b08-2bcc8b450719',NULL,'2021-12-06 06:46:49.003000')
COMMIT
/*C7*/DELETE FROM "system$session" WHERE "id"=11258999068426342
INSERT INTO "system$session" VALUES(11258999068426342,'d03b9678-a599-4e5d-bb4f-95e950e32fee','17e2e8bf-46ea-476f-9a41-66b9c129b164','2021-12-06 06:46:49.021000',FALSE,'fca8e461-fef0-4476-a564-3be0773584cf',NULL,'2021-12-06 06:46:48.996000')
COMMIT
DELETE FROM "system$session" WHERE "id"=11258999068426341
INSERT INTO "system$session" VALUES(11258999068426341,'aca67fd7-c8bf-4335-959d-ce1c6cab069f','5d23c7ee-6813-4580-b3e7-e021b826967d','2021-12-06 06:46:49.027000',FALSE,'9fb19148-a207-4556-8751-aa332e1e58d5',NULL,'2021-12-06 06:46:48.993000')
COMMIT
/*C9*/SET SCHEMA PUBLIC
INSERT INTO "system$user" VALUES(562949953421416,'Anonymous_09b6c149-cb49-4348-b406-de973a4b6585','{BCrypt}$2a$10$2.wuPOgAUu5oaCIJOiHiyetpPxDbtZ2AcPawKtqsOFd4W/ZCdPwBy','2021-12-06 06:46:49.108000',FALSE,TRUE,0,FALSE,TRUE,'2021-12-06 06:46:48.967000','2021-12-06 06:46:48.967000','System.User',NULL,562949953421416)
INSERT INTO "system$userroles" VALUES(562949953421416,4503599627370497)
INSERT INTO "system$user_language" VALUES(562949953421416,12384898975268865)
COMMIT
DELETE FROM "system$user" WHERE "id"=562949953421416
INSERT INTO "system$user" VALUES(562949953421416,'Anonymous_09b6c149-cb49-4348-b406-de973a4b6585','{BCrypt}$2a$10$2.wuPOgAUu5oaCIJOiHiyetpPxDbtZ2AcPawKtqsOFd4W/ZCdPwBy','2021-12-06 06:46:49.128000',FALSE,TRUE,0,FALSE,TRUE,'2021-12-06 06:46:48.967000','2021-12-06 06:46:48.967000','System.User',NULL,562949953421416)
COMMIT
/*C2*/INSERT INTO "system$session" VALUES(11258999068426344,'31fb090a-3d3e-48a3-9c0f-b61e0ec7bc25','a4e7ff3f-56b3-4886-a9a2-00d51100276d','2021-12-06 06:46:49.147000',FALSE,'461f4f3b-e934-4878-b2f5-fad5c37159e8',NULL,'2021-12-06 06:46:49.147000')
INSERT INTO "system$session_user" VALUES(11258999068426344,562949953421416)
COMMIT
DELETE FROM "system$session" WHERE "id"=11258999068426344
INSERT INTO "system$session" VALUES(11258999068426344,'31fb090a-3d3e-48a3-9c0f-b61e0ec7bc25','a4e7ff3f-56b3-4886-a9a2-00d51100276d','2021-12-06 06:46:49.167000',FALSE,'461f4f3b-e934-4878-b2f5-fad5c37159e8',NULL,'2021-12-06 06:46:49.147000')
COMMIT
/*C4*/DELETE FROM "system$session" WHERE "id"=11258999068426342
INSERT INTO "system$session" VALUES(11258999068426342,'d03b9678-a599-4e5d-bb4f-95e950e32fee','17e2e8bf-46ea-476f-9a41-66b9c129b164','2021-12-06 06:46:49.717000',FALSE,'fca8e461-fef0-4476-a564-3be0773584cf',NULL,'2021-12-06 06:46:48.996000')
COMMIT
DELETE FROM "mendixsystem$entityidentifier" WHERE "id"='a8001c80-e3bb-4ada-af67-4f0d1d10e518'
INSERT INTO "mendixsystem$entityidentifier" VALUES('a8001c80-e3bb-4ada-af67-4f0d1d10e518',24,201)
COMMIT
DELETE FROM "system$session" WHERE "id"=11258999068426342
INSERT INTO "system$session" VALUES(11258999068426342,'d03b9678-a599-4e5d-bb4f-95e950e32fee','17e2e8bf-46ea-476f-9a41-66b9c129b164','2021-12-06 06:46:50.303000',FALSE,'fca8e461-fef0-4476-a564-3be0773584cf',NULL,'2021-12-06 06:46:48.996000')
COMMIT
/*C9*/DELETE FROM "system$session" WHERE "id"=11258999068426342
INSERT INTO "system$session" VALUES(11258999068426342,'d03b9678-a599-4e5d-bb4f-95e950e32fee','17e2e8bf-46ea-476f-9a41-66b9c129b164','2021-12-06 06:46:50.708000',FALSE,'fca8e461-fef0-4476-a564-3be0773584cf',NULL,'2021-12-06 06:46:48.996000')
COMMIT
/*C4*/DELETE FROM "system$session" WHERE "id"=11258999068426342
INSERT INTO "system$session" VALUES(11258999068426342,'d03b9678-a599-4e5d-bb4f-95e950e32fee','17e2e8bf-46ea-476f-9a41-66b9c129b164','2021-12-06 06:46:50.864000',FALSE,'fca8e461-fef0-4476-a564-3be0773584cf',NULL,'2021-12-06 06:46:48.996000')
COMMIT
DELETE FROM "system$session" WHERE "id"=11258999068426342
INSERT INTO "system$session" VALUES(11258999068426342,'d03b9678-a599-4e5d-bb4f-95e950e32fee','17e2e8bf-46ea-476f-9a41-66b9c129b164','2021-12-06 06:46:51.049000',FALSE,'fca8e461-fef0-4476-a564-3be0773584cf',NULL,'2021-12-06 06:46:48.996000')
COMMIT
DELETE FROM "system$session" WHERE "id"=11258999068426342
INSERT INTO "system$session" VALUES(11258999068426342,'d03b9678-a599-4e5d-bb4f-95e950e32fee','17e2e8bf-46ea-476f-9a41-66b9c129b164','2021-12-06 06:46:51.564000',FALSE,'fca8e461-fef0-4476-a564-3be0773584cf',NULL,'2021-12-06 06:46:48.996000')
COMMIT
/*C9*/DELETE FROM "mendixsystem$entityidentifier" WHERE "id"='e34bd5c6-399d-4819-9887-76d1c9f27b11'
INSERT INTO "mendixsystem$entityidentifier" VALUES('e34bd5c6-399d-4819-9887-76d1c9f27b11',6,101)
COMMIT
ALTER SEQUENCE PUBLIC."billeterie$billet_billetid_mxseq" RESTART WITH 2
/*C2*/INSERT INTO "billeterie$billet" VALUES(1688849860263937,1,323,'Dirty Dancing',12.00000000,'https://www.zenith-nantesmetropole.com/images/dirtydancing.jpg',0,'2021-12-06 06:46:54.162000','2021-12-06 06:47:37.704000',562949953421413,562949953421413)
COMMIT
/*C9*/ALTER SEQUENCE PUBLIC."billeterie$billet_billetid_mxseq" RESTART WITH 3
/*C4*/DELETE FROM "system$session" WHERE "id"=11258999068426342
INSERT INTO "system$session" VALUES(11258999068426342,'d03b9678-a599-4e5d-bb4f-95e950e32fee','17e2e8bf-46ea-476f-9a41-66b9c129b164','2021-12-06 06:47:43.692000',FALSE,'fca8e461-fef0-4476-a564-3be0773584cf',NULL,'2021-12-06 06:46:48.996000')
COMMIT
INSERT INTO "billeterie$billet" VALUES(1688849860263938,2,6544,'Born in 90',21.00000000,'https://www.zenith-nantesmetropole.com/images/stories/manifestations/born_in_90.jpg',0,'2021-12-06 06:47:43.694000','2021-12-06 06:48:47.313000',562949953421413,562949953421413)
COMMIT
/*C6*/DELETE FROM "system$session" WHERE "id"=11258999068426342
INSERT INTO "system$session" VALUES(11258999068426342,'d03b9678-a599-4e5d-bb4f-95e950e32fee','17e2e8bf-46ea-476f-9a41-66b9c129b164','2021-12-06 06:48:50.240000',FALSE,'fca8e461-fef0-4476-a564-3be0773584cf',NULL,'2021-12-06 06:46:48.996000')
COMMIT
DELETE FROM "system$xasinstance" WHERE "id"=1125899906842725
INSERT INTO "system$xasinstance" VALUES(1125899906842725,'291465f0-6065-429c-a5c0-c84a4d2f4d81','2021-12-06 06:51:47.046000',NULL,NULL,NULL,'2021-12-06 06:46:45.244000')
COMMIT
/*C4*/DELETE FROM "system$session" WHERE "id"=11258999068426342
INSERT INTO "system$session" VALUES(11258999068426342,'d03b9678-a599-4e5d-bb4f-95e950e32fee','17e2e8bf-46ea-476f-9a41-66b9c129b164','2021-12-06 06:51:52.303000',FALSE,'fca8e461-fef0-4476-a564-3be0773584cf',NULL,'2021-12-06 06:46:48.996000')
COMMIT
/*C2*/DELETE FROM "system$session" WHERE "id"=11258999068426342
INSERT INTO "system$session" VALUES(11258999068426342,'d03b9678-a599-4e5d-bb4f-95e950e32fee','17e2e8bf-46ea-476f-9a41-66b9c129b164','2021-12-06 06:55:29.038000',FALSE,'fca8e461-fef0-4476-a564-3be0773584cf',NULL,'2021-12-06 06:46:48.996000')
COMMIT
DELETE FROM "system$session" WHERE "id"=11258999068426342
INSERT INTO "system$session" VALUES(11258999068426342,'d03b9678-a599-4e5d-bb4f-95e950e32fee','17e2e8bf-46ea-476f-9a41-66b9c129b164','2021-12-06 06:55:29.097000',FALSE,'fca8e461-fef0-4476-a564-3be0773584cf',NULL,'2021-12-06 06:46:48.996000')
COMMIT
DELETE FROM "system$session" WHERE "id"=11258999068426342
INSERT INTO "system$session" VALUES(11258999068426342,'d03b9678-a599-4e5d-bb4f-95e950e32fee','17e2e8bf-46ea-476f-9a41-66b9c129b164','2021-12-06 06:55:29.754000',FALSE,'fca8e461-fef0-4476-a564-3be0773584cf',NULL,'2021-12-06 06:46:48.996000')
COMMIT
/*C4*/DELETE FROM "system$session" WHERE "id"=11258999068426342
INSERT INTO "system$session" VALUES(11258999068426342,'d03b9678-a599-4e5d-bb4f-95e950e32fee','17e2e8bf-46ea-476f-9a41-66b9c129b164','2021-12-06 06:55:29.796000',FALSE,'fca8e461-fef0-4476-a564-3be0773584cf',NULL,'2021-12-06 06:46:48.996000')
COMMIT
/*C2*/DELETE FROM "system$session" WHERE "id"=11258999068426342
INSERT INTO "system$session" VALUES(11258999068426342,'d03b9678-a599-4e5d-bb4f-95e950e32fee','17e2e8bf-46ea-476f-9a41-66b9c129b164','2021-12-06 06:55:29.872000',FALSE,'fca8e461-fef0-4476-a564-3be0773584cf',NULL,'2021-12-06 06:46:48.996000')
COMMIT
/*C4*/DELETE FROM "system$session" WHERE "id"=11258999068426342
INSERT INTO "system$session" VALUES(11258999068426342,'d03b9678-a599-4e5d-bb4f-95e950e32fee','17e2e8bf-46ea-476f-9a41-66b9c129b164','2021-12-06 06:55:29.927000',FALSE,'fca8e461-fef0-4476-a564-3be0773584cf',NULL,'2021-12-06 06:46:48.996000')
COMMIT
/*C9*/DELETE FROM "system$session" WHERE "id"=11258999068426342
INSERT INTO "system$session" VALUES(11258999068426342,'d03b9678-a599-4e5d-bb4f-95e950e32fee','17e2e8bf-46ea-476f-9a41-66b9c129b164','2021-12-06 06:55:29.957000',FALSE,'fca8e461-fef0-4476-a564-3be0773584cf',NULL,'2021-12-06 06:46:48.996000')
COMMIT
/*C3*/DISCONNECT
/*C9*/DELETE FROM "system$session" WHERE "id"=11258999068426342
INSERT INTO "system$session" VALUES(11258999068426342,'d03b9678-a599-4e5d-bb4f-95e950e32fee','17e2e8bf-46ea-476f-9a41-66b9c129b164','2021-12-06 06:55:51.760000',FALSE,'fca8e461-fef0-4476-a564-3be0773584cf',NULL,'2021-12-06 06:46:48.996000')
COMMIT
/*C2*/DELETE FROM "system$xasinstance" WHERE "id"=1125899906842725
INSERT INTO "system$xasinstance" VALUES(1125899906842725,'291465f0-6065-429c-a5c0-c84a4d2f4d81','2021-12-06 06:56:47.053000',NULL,NULL,NULL,'2021-12-06 06:46:45.244000')
COMMIT
DELETE FROM "system$session" WHERE "id"=11258999068426342
INSERT INTO "system$session" VALUES(11258999068426342,'d03b9678-a599-4e5d-bb4f-95e950e32fee','17e2e8bf-46ea-476f-9a41-66b9c129b164','2021-12-06 06:57:47.762000',FALSE,'fca8e461-fef0-4476-a564-3be0773584cf',NULL,'2021-12-06 06:46:48.996000')
COMMIT
DELETE FROM "system$session" WHERE "id"=11258999068426342
INSERT INTO "system$session" VALUES(11258999068426342,'d03b9678-a599-4e5d-bb4f-95e950e32fee','17e2e8bf-46ea-476f-9a41-66b9c129b164','2021-12-06 06:57:47.871000',FALSE,'fca8e461-fef0-4476-a564-3be0773584cf',NULL,'2021-12-06 06:46:48.996000')
COMMIT
DELETE FROM "system$session" WHERE "id"=11258999068426342
INSERT INTO "system$session" VALUES(11258999068426342,'d03b9678-a599-4e5d-bb4f-95e950e32fee','17e2e8bf-46ea-476f-9a41-66b9c129b164','2021-12-06 06:57:48.685000',FALSE,'fca8e461-fef0-4476-a564-3be0773584cf',NULL,'2021-12-06 06:46:48.996000')
COMMIT
DELETE FROM "system$session" WHERE "id"=11258999068426342
INSERT INTO "system$session" VALUES(11258999068426342,'d03b9678-a599-4e5d-bb4f-95e950e32fee','17e2e8bf-46ea-476f-9a41-66b9c129b164','2021-12-06 06:57:48.744000',FALSE,'fca8e461-fef0-4476-a564-3be0773584cf',NULL,'2021-12-06 06:46:48.996000')
COMMIT
/*C6*/DELETE FROM "system$session" WHERE "id"=11258999068426342
INSERT INTO "system$session" VALUES(11258999068426342,'d03b9678-a599-4e5d-bb4f-95e950e32fee','17e2e8bf-46ea-476f-9a41-66b9c129b164','2021-12-06 06:57:48.897000',FALSE,'fca8e461-fef0-4476-a564-3be0773584cf',NULL,'2021-12-06 06:46:48.996000')
COMMIT
/*C9*/DELETE FROM "system$session" WHERE "id"=11258999068426342
INSERT INTO "system$session" VALUES(11258999068426342,'d03b9678-a599-4e5d-bb4f-95e950e32fee','17e2e8bf-46ea-476f-9a41-66b9c129b164','2021-12-06 06:57:48.977000',FALSE,'fca8e461-fef0-4476-a564-3be0773584cf',NULL,'2021-12-06 06:46:48.996000')
COMMIT
DELETE FROM "system$session" WHERE "id"=11258999068426342
INSERT INTO "system$session" VALUES(11258999068426342,'d03b9678-a599-4e5d-bb4f-95e950e32fee','17e2e8bf-46ea-476f-9a41-66b9c129b164','2021-12-06 06:57:52.639000',FALSE,'fca8e461-fef0-4476-a564-3be0773584cf',NULL,'2021-12-06 06:46:48.996000')
COMMIT
/*C6*/DELETE FROM "system$session" WHERE "id"=11258999068426342
INSERT INTO "system$session" VALUES(11258999068426342,'d03b9678-a599-4e5d-bb4f-95e950e32fee','17e2e8bf-46ea-476f-9a41-66b9c129b164','2021-12-06 06:58:52.198000',FALSE,'fca8e461-fef0-4476-a564-3be0773584cf',NULL,'2021-12-06 06:46:48.996000')
COMMIT
/*C2*/DELETE FROM "system$session" WHERE "id"=11258999068426342
INSERT INTO "system$session" VALUES(11258999068426342,'d03b9678-a599-4e5d-bb4f-95e950e32fee','17e2e8bf-46ea-476f-9a41-66b9c129b164','2021-12-06 06:58:52.504000',FALSE,'fca8e461-fef0-4476-a564-3be0773584cf',NULL,'2021-12-06 06:46:48.996000')
COMMIT
/*C9*/DELETE FROM "system$session" WHERE "id"=11258999068426342
INSERT INTO "system$session" VALUES(11258999068426342,'d03b9678-a599-4e5d-bb4f-95e950e32fee','17e2e8bf-46ea-476f-9a41-66b9c129b164','2021-12-06 06:58:52.770000',FALSE,'fca8e461-fef0-4476-a564-3be0773584cf',NULL,'2021-12-06 06:46:48.996000')
COMMIT
/*C6*/DELETE FROM "system$session" WHERE "id"=11258999068426342
INSERT INTO "system$session" VALUES(11258999068426342,'d03b9678-a599-4e5d-bb4f-95e950e32fee','17e2e8bf-46ea-476f-9a41-66b9c129b164','2021-12-06 06:58:52.924000',FALSE,'fca8e461-fef0-4476-a564-3be0773584cf',NULL,'2021-12-06 06:46:48.996000')
COMMIT
/*C9*/DELETE FROM "system$session" WHERE "id"=11258999068426342
INSERT INTO "system$session" VALUES(11258999068426342,'d03b9678-a599-4e5d-bb4f-95e950e32fee','17e2e8bf-46ea-476f-9a41-66b9c129b164','2021-12-06 06:58:52.991000',FALSE,'fca8e461-fef0-4476-a564-3be0773584cf',NULL,'2021-12-06 06:46:48.996000')
COMMIT
/*C2*/DELETE FROM "system$session" WHERE "id"=11258999068426342
INSERT INTO "system$session" VALUES(11258999068426342,'d03b9678-a599-4e5d-bb4f-95e950e32fee','17e2e8bf-46ea-476f-9a41-66b9c129b164','2021-12-06 06:58:53.068000',FALSE,'fca8e461-fef0-4476-a564-3be0773584cf',NULL,'2021-12-06 06:46:48.996000')
COMMIT
DELETE FROM "system$session" WHERE "id"=11258999068426342
INSERT INTO "system$session" VALUES(11258999068426342,'d03b9678-a599-4e5d-bb4f-95e950e32fee','17e2e8bf-46ea-476f-9a41-66b9c129b164','2021-12-06 06:59:07.705000',FALSE,'fca8e461-fef0-4476-a564-3be0773584cf',NULL,'2021-12-06 06:46:48.996000')
COMMIT
/*C6*/DELETE FROM "system$session" WHERE "id"=11258999068426342
INSERT INTO "system$session" VALUES(11258999068426342,'d03b9678-a599-4e5d-bb4f-95e950e32fee','17e2e8bf-46ea-476f-9a41-66b9c129b164','2021-12-06 07:01:07.566000',FALSE,'fca8e461-fef0-4476-a564-3be0773584cf',NULL,'2021-12-06 06:46:48.996000')
COMMIT
DELETE FROM "system$session" WHERE "id"=11258999068426342
INSERT INTO "system$session" VALUES(11258999068426342,'d03b9678-a599-4e5d-bb4f-95e950e32fee','17e2e8bf-46ea-476f-9a41-66b9c129b164','2021-12-06 07:01:07.586000',FALSE,'fca8e461-fef0-4476-a564-3be0773584cf',NULL,'2021-12-06 06:46:48.996000')
COMMIT
/*C4*/DELETE FROM "system$session" WHERE "id"=11258999068426342
INSERT INTO "system$session" VALUES(11258999068426342,'d03b9678-a599-4e5d-bb4f-95e950e32fee','17e2e8bf-46ea-476f-9a41-66b9c129b164','2021-12-06 07:01:08.216000',FALSE,'fca8e461-fef0-4476-a564-3be0773584cf',NULL,'2021-12-06 06:46:48.996000')
COMMIT
/*C9*/DELETE FROM "system$session" WHERE "id"=11258999068426342
INSERT INTO "system$session" VALUES(11258999068426342,'d03b9678-a599-4e5d-bb4f-95e950e32fee','17e2e8bf-46ea-476f-9a41-66b9c129b164','2021-12-06 07:01:08.280000',FALSE,'fca8e461-fef0-4476-a564-3be0773584cf',NULL,'2021-12-06 06:46:48.996000')
COMMIT
DELETE FROM "system$session" WHERE "id"=11258999068426342
INSERT INTO "system$session" VALUES(11258999068426342,'d03b9678-a599-4e5d-bb4f-95e950e32fee','17e2e8bf-46ea-476f-9a41-66b9c129b164','2021-12-06 07:01:08.280000',FALSE,'fca8e461-fef0-4476-a564-3be0773584cf',NULL,'2021-12-06 06:46:48.996000')
COMMIT
DELETE FROM "system$session" WHERE "id"=11258999068426342
INSERT INTO "system$session" VALUES(11258999068426342,'d03b9678-a599-4e5d-bb4f-95e950e32fee','17e2e8bf-46ea-476f-9a41-66b9c129b164','2021-12-06 07:01:08.333000',FALSE,'fca8e461-fef0-4476-a564-3be0773584cf',NULL,'2021-12-06 06:46:48.996000')
COMMIT
/*C5*/SET SCHEMA PUBLIC
DISCONNECT
/*C7*/DISCONNECT
